Sat May 18 17:18:37 +05 2024: apache2 is not running. Restarting...
Starting process: apache2
FLAG{T@Ke_Y0uR_Fl@G}
Sat May 18 17:19:42 +05 2024: apache2 is running
Sat May 18 17:20:42 +05 2024: apache2 is running
Sat May 18 17:21:42 +05 2024: apache2 is running
Sat May 18 17:22:42 +05 2024: apache2 is running
Sat May 18 17:23:42 +05 2024: apache2 is running
Sat May 18 17:24:42 +05 2024: apache2 is running
Sat May 18 17:25:42 +05 2024: apache2 is running
Sat May 18 17:26:42 +05 2024: apache2 is running
Sat May 18 17:27:42 +05 2024: apache2 is running
Sat May 18 17:28:42 +05 2024: apache2 is running
Sat May 18 17:29:42 +05 2024: apache2 is running
Sat May 18 17:30:42 +05 2024: apache2 is running
Sat May 18 17:31:42 +05 2024: apache2 is running
Sat May 18 17:32:42 +05 2024: apache2 is running
Sat May 18 17:33:42 +05 2024: apache2 is running
Sat May 18 17:34:42 +05 2024: apache2 is running
Sat May 18 17:35:42 +05 2024: apache2 is running
Sat May 18 17:36:42 +05 2024: apache2 is running
Sat May 18 17:37:42 +05 2024: apache2 is running
Sat May 18 17:38:42 +05 2024: apache2 is running
Sat May 18 17:39:42 +05 2024: apache2 is running
Sat May 18 17:40:42 +05 2024: apache2 is running
Sat May 18 17:41:42 +05 2024: apache2 is running
Sat May 18 17:42:42 +05 2024: apache2 is running
Sat May 18 17:43:42 +05 2024: apache2 is running
Sat May 18 17:44:42 +05 2024: apache2 is running
Sat May 18 17:45:42 +05 2024: apache2 is running
Sat May 18 17:46:42 +05 2024: apache2 is running
Sat May 18 17:47:42 +05 2024: apache2 is running
Sat May 18 17:48:42 +05 2024: apache2 is running
Sat May 18 17:49:42 +05 2024: apache2 is running
Sat May 18 17:50:42 +05 2024: apache2 is running
Sat May 18 17:51:42 +05 2024: apache2 is running
Sat May 18 17:52:42 +05 2024: apache2 is running
Sat May 18 17:53:42 +05 2024: apache2 is running
Sat May 18 17:54:42 +05 2024: apache2 is running
Sat May 18 17:55:42 +05 2024: apache2 is running
Sat May 18 17:56:43 +05 2024: apache2 is running
Sat May 18 17:57:43 +05 2024: apache2 is running
Sat May 18 17:58:43 +05 2024: apache2 is running
Sat May 18 17:59:43 +05 2024: apache2 is running
Sat May 18 18:00:43 +05 2024: apache2 is running
Sat May 18 18:01:43 +05 2024: apache2 is running
Sat May 18 18:02:43 +05 2024: apache2 is running
Sat May 18 18:03:43 +05 2024: apache2 is running
Sat May 18 18:04:43 +05 2024: apache2 is running
Sat May 18 18:05:43 +05 2024: apache2 is running
Sat May 18 18:06:43 +05 2024: apache2 is running
Sat May 18 18:07:43 +05 2024: apache2 is running
Sat May 18 18:08:43 +05 2024: apache2 is running
Sat May 18 18:09:43 +05 2024: apache2 is running
Sat May 18 18:10:43 +05 2024: apache2 is running
Sat May 18 18:11:43 +05 2024: apache2 is running
Sat May 18 18:12:43 +05 2024: apache2 is running
Sat May 18 18:13:43 +05 2024: apache2 is running
Sat May 18 18:14:43 +05 2024: apache2 is running
Sat May 18 18:15:43 +05 2024: apache2 is running
Sat May 18 18:16:43 +05 2024: apache2 is running
Sat May 18 18:17:43 +05 2024: apache2 is running
Sat May 18 18:18:43 +05 2024: apache2 is running
Sat May 18 18:19:43 +05 2024: apache2 is running
Sat May 18 18:20:43 +05 2024: apache2 is running
Sat May 18 18:21:43 +05 2024: apache2 is running
Sat May 18 18:22:43 +05 2024: apache2 is running
Sat May 18 18:23:43 +05 2024: apache2 is running
Sat May 18 18:24:43 +05 2024: apache2 is running
Sat May 18 18:25:43 +05 2024: apache2 is running
Sat May 18 18:26:43 +05 2024: apache2 is running
Sat May 18 18:27:43 +05 2024: apache2 is running
Sat May 18 18:28:43 +05 2024: apache2 is running
Sat May 18 18:29:43 +05 2024: apache2 is running
Sat May 18 18:30:43 +05 2024: apache2 is running
Sat May 18 18:31:43 +05 2024: apache2 is running
Sat May 18 18:32:43 +05 2024: apache2 is running
Sat May 18 18:33:43 +05 2024: apache2 is running
Sat May 18 18:34:43 +05 2024: apache2 is running
Sat May 18 18:35:43 +05 2024: apache2 is running
Sat May 18 18:36:43 +05 2024: apache2 is running
Sat May 18 18:37:43 +05 2024: apache2 is running
Sat May 18 18:38:43 +05 2024: apache2 is running
Sat May 18 18:39:43 +05 2024: apache2 is running
Sat May 18 18:40:44 +05 2024: apache2 is running
Sat May 18 18:41:44 +05 2024: apache2 is running
Sat May 18 18:42:44 +05 2024: apache2 is running
Sat May 18 18:43:44 +05 2024: apache2 is running
Sat May 18 18:44:44 +05 2024: apache2 is running
Sat May 18 18:45:44 +05 2024: apache2 is running
Sat May 18 18:46:44 +05 2024: apache2 is running
Sat May 18 18:47:44 +05 2024: apache2 is running
Sat May 18 18:48:44 +05 2024: apache2 is running
Sat May 18 18:49:44 +05 2024: apache2 is running
Sat May 18 18:50:44 +05 2024: apache2 is running
Sat May 18 18:51:44 +05 2024: apache2 is running
Sat May 18 18:52:44 +05 2024: apache2 is running
Sat May 18 18:53:44 +05 2024: apache2 is running
Sat May 18 18:54:44 +05 2024: apache2 is running
Sat May 18 18:55:44 +05 2024: apache2 is running
Sat May 18 18:56:44 +05 2024: apache2 is running
Sat May 18 18:57:44 +05 2024: apache2 is running
Sat May 18 18:58:44 +05 2024: apache2 is running
Sat May 18 18:59:44 +05 2024: apache2 is running
Sat May 18 19:00:44 +05 2024: apache2 is running
Sat May 18 19:01:44 +05 2024: apache2 is running
Sat May 18 19:02:44 +05 2024: apache2 is running
Sat May 18 19:03:44 +05 2024: apache2 is running
Sat May 18 19:04:44 +05 2024: apache2 is running
Sat May 18 19:05:44 +05 2024: apache2 is running
Sat May 18 19:06:44 +05 2024: apache2 is running
Sat May 18 19:07:44 +05 2024: apache2 is running
Sat May 18 19:08:44 +05 2024: apache2 is running
Sat May 18 19:09:44 +05 2024: apache2 is running
Sat May 18 19:10:44 +05 2024: apache2 is running
Sat May 18 19:11:44 +05 2024: apache2 is running
Sat May 18 19:12:44 +05 2024: apache2 is running
Sat May 18 19:13:44 +05 2024: apache2 is running
Sat May 18 19:14:44 +05 2024: apache2 is running
Sat May 18 19:36:41 +05 2024: apache2 is running
Sat May 18 19:37:41 +05 2024: apache2 is running
Sat May 18 19:38:41 +05 2024: apache2 is running
Sat May 18 19:39:41 +05 2024: apache2 is running
Sat May 18 19:40:41 +05 2024: apache2 is running
Sat May 18 19:41:41 +05 2024: apache2 is running
Sat May 18 19:42:41 +05 2024: apache2 is running
Sat May 18 19:43:41 +05 2024: apache2 is running
Sat May 18 19:44:41 +05 2024: apache2 is running
Sat May 18 19:45:41 +05 2024: apache2 is running
Sat May 18 19:46:41 +05 2024: apache2 is running
Sat May 18 19:47:41 +05 2024: apache2 is running
Sat May 18 19:48:41 +05 2024: apache2 is running
Sat May 18 19:49:41 +05 2024: apache2 is running
Sat May 18 19:50:41 +05 2024: apache2 is running
Sat May 18 19:51:41 +05 2024: apache2 is running
Sat May 18 19:52:41 +05 2024: apache2 is running
Sat May 18 19:53:42 +05 2024: apache2 is running
Sat May 18 19:54:42 +05 2024: apache2 is running
Sat May 18 19:55:42 +05 2024: apache2 is running
Sat May 18 19:56:42 +05 2024: apache2 is running
Sat May 18 19:57:42 +05 2024: apache2 is running
Sat May 18 19:58:42 +05 2024: apache2 is running
Sat May 18 19:59:42 +05 2024: apache2 is running
Sat May 18 20:00:42 +05 2024: apache2 is running
Sat May 18 20:01:42 +05 2024: apache2 is running
Sat May 18 20:02:42 +05 2024: apache2 is running
Sat May 18 20:03:42 +05 2024: apache2 is running
Sat May 18 20:04:42 +05 2024: apache2 is running
Sat May 18 20:05:42 +05 2024: apache2 is running
Sat May 18 20:06:42 +05 2024: apache2 is running
Sat May 18 20:07:42 +05 2024: apache2 is running
Sat May 18 20:08:42 +05 2024: apache2 is running
Sat May 18 20:09:42 +05 2024: apache2 is running
Sat May 18 20:10:42 +05 2024: apache2 is running
Sat May 18 20:11:42 +05 2024: apache2 is running
Sat May 18 20:12:42 +05 2024: apache2 is running
Sat May 18 20:13:42 +05 2024: apache2 is running
Sat May 18 20:14:42 +05 2024: apache2 is running
Sat May 18 20:15:42 +05 2024: apache2 is running
Sat May 18 20:16:42 +05 2024: apache2 is running
Sat May 18 20:17:42 +05 2024: apache2 is running
Sat May 18 20:18:42 +05 2024: apache2 is running
Sat May 18 20:19:42 +05 2024: apache2 is running
Sat May 18 20:20:42 +05 2024: apache2 is running
Sat May 18 20:21:42 +05 2024: apache2 is running
Sat May 18 20:22:43 +05 2024: apache2 is running
Sat May 18 20:23:43 +05 2024: apache2 is running
Sat May 18 20:24:43 +05 2024: apache2 is running
Sat May 18 20:25:43 +05 2024: apache2 is running
Sat May 18 20:26:43 +05 2024: apache2 is running
Sat May 18 20:27:43 +05 2024: apache2 is running
Sat May 18 20:28:43 +05 2024: apache2 is running
Sat May 18 20:29:43 +05 2024: apache2 is running
Sat May 18 20:30:43 +05 2024: apache2 is running
Sat May 18 20:31:43 +05 2024: apache2 is running
Sat May 18 20:32:43 +05 2024: apache2 is running
Sat May 18 20:33:43 +05 2024: apache2 is running
Sat May 18 20:34:43 +05 2024: apache2 is running
Sat May 18 20:35:43 +05 2024: apache2 is running
Sat May 18 20:36:43 +05 2024: apache2 is running
Sat May 18 20:37:43 +05 2024: apache2 is running
Sat May 18 20:38:43 +05 2024: apache2 is running
Sat May 18 20:39:43 +05 2024: apache2 is running
Sat May 18 20:40:43 +05 2024: apache2 is running
Sat May 18 20:41:43 +05 2024: apache2 is running
Sat May 18 20:42:43 +05 2024: apache2 is running
Sat May 18 20:43:43 +05 2024: apache2 is running
Sat May 18 20:44:43 +05 2024: apache2 is running
Sat May 18 20:45:43 +05 2024: apache2 is running
Sat May 18 20:46:43 +05 2024: apache2 is running
Sat May 18 20:47:43 +05 2024: apache2 is running
Sat May 18 20:48:43 +05 2024: apache2 is running
Sat May 18 20:49:43 +05 2024: apache2 is running
Sat May 18 20:50:43 +05 2024: apache2 is running
Sat May 18 20:51:43 +05 2024: apache2 is running
Sat May 18 21:26:11 +05 2024: apache2 is running
Sat May 18 21:27:11 +05 2024: apache2 is running
Sat May 18 21:28:11 +05 2024: apache2 is running
Sat May 18 21:29:11 +05 2024: apache2 is running
Sat May 18 21:30:11 +05 2024: apache2 is running
Sat May 18 21:31:11 +05 2024: apache2 is running
Sat May 18 21:32:11 +05 2024: apache2 is running
Sat May 18 21:33:11 +05 2024: apache2 is running
Sat May 18 21:34:11 +05 2024: apache2 is running
Sat May 18 21:35:11 +05 2024: apache2 is running
Sat May 18 21:36:11 +05 2024: apache2 is running
Sat May 18 21:37:11 +05 2024: apache2 is running
Sat May 18 21:38:11 +05 2024: apache2 is running
Sat May 18 21:39:11 +05 2024: apache2 is running
Sat May 18 21:40:11 +05 2024: apache2 is running
Sat May 18 21:41:11 +05 2024: apache2 is running
Sat May 18 21:42:11 +05 2024: apache2 is running
Sat May 18 21:43:11 +05 2024: apache2 is running
Sat May 18 21:44:11 +05 2024: apache2 is running
Sat May 18 21:45:11 +05 2024: apache2 is running
Sat May 18 21:46:11 +05 2024: apache2 is running
Sat May 18 21:47:11 +05 2024: apache2 is running
Sat May 18 21:48:11 +05 2024: apache2 is running
Sat May 18 21:49:11 +05 2024: apache2 is running
Sat May 18 21:50:11 +05 2024: apache2 is running
Sat May 18 21:51:11 +05 2024: apache2 is running
Sat May 18 21:52:12 +05 2024: apache2 is running
Sat May 18 21:53:12 +05 2024: apache2 is running
Sat May 18 21:54:12 +05 2024: apache2 is running
Sat May 18 21:55:12 +05 2024: apache2 is running
Sat May 18 21:56:12 +05 2024: apache2 is running
Sat May 18 21:57:12 +05 2024: apache2 is running
Sat May 18 21:58:12 +05 2024: apache2 is running
Sat May 18 21:59:12 +05 2024: apache2 is running
Sat May 18 22:00:12 +05 2024: apache2 is running
Sat May 18 22:01:12 +05 2024: apache2 is running
Sat May 18 22:02:12 +05 2024: apache2 is running
Sat May 18 22:03:12 +05 2024: apache2 is running
Sat May 18 22:04:12 +05 2024: apache2 is running
Sat May 18 22:05:12 +05 2024: apache2 is running
Sat May 18 22:06:12 +05 2024: apache2 is running
Sat May 18 22:07:12 +05 2024: apache2 is running
Sat May 18 22:08:12 +05 2024: apache2 is running
Sat May 18 22:09:12 +05 2024: apache2 is running
Sat May 18 22:10:12 +05 2024: apache2 is running
Sat May 18 22:11:12 +05 2024: apache2 is running
Sat May 18 22:12:12 +05 2024: apache2 is running
Sat May 18 22:13:13 +05 2024: apache2 is running
Sat May 18 22:14:13 +05 2024: apache2 is running
Sat May 18 22:15:13 +05 2024: apache2 is running
Sat May 18 22:16:13 +05 2024: apache2 is running
Sat May 18 22:17:13 +05 2024: apache2 is running
Sat May 18 22:18:13 +05 2024: apache2 is running
Sat May 18 22:19:13 +05 2024: apache2 is running
Sat May 18 22:20:13 +05 2024: apache2 is running
Sat May 18 22:21:13 +05 2024: apache2 is running
Sat May 18 22:22:13 +05 2024: apache2 is running
Sat May 18 22:23:13 +05 2024: apache2 is running
Sat May 18 22:24:13 +05 2024: apache2 is running
Sat May 18 22:36:14 +05 2024: apache2 is running
Sat May 18 22:37:14 +05 2024: apache2 is running
Sat May 18 22:38:14 +05 2024: apache2 is running
Sat May 18 22:39:14 +05 2024: apache2 is running
Sat May 18 22:40:14 +05 2024: apache2 is running
Sat May 18 22:41:14 +05 2024: apache2 is running
Sat May 18 22:42:14 +05 2024: apache2 is running
Sat May 18 22:43:14 +05 2024: apache2 is running
Sat May 18 22:44:14 +05 2024: apache2 is running
Sat May 18 22:45:14 +05 2024: apache2 is running
Sat May 18 22:46:14 +05 2024: apache2 is running
Sat May 18 22:47:14 +05 2024: apache2 is running
Sat May 18 22:48:14 +05 2024: apache2 is running
Sat May 18 22:49:14 +05 2024: apache2 is running
Sat May 18 22:50:14 +05 2024: apache2 is running
Sat May 18 22:51:14 +05 2024: apache2 is running
Sat May 18 22:52:14 +05 2024: apache2 is running
Sat May 18 22:53:14 +05 2024: apache2 is running
Sat May 18 22:54:14 +05 2024: apache2 is running
Sat May 18 22:55:14 +05 2024: apache2 is running
Sat May 18 22:56:14 +05 2024: apache2 is running
Sat May 18 22:57:14 +05 2024: apache2 is running
Sat May 18 22:58:14 +05 2024: apache2 is running
Sat May 18 22:59:14 +05 2024: apache2 is running
Sat May 18 23:00:14 +05 2024: apache2 is running
Sat May 18 23:01:15 +05 2024: apache2 is running
Sat May 18 23:02:15 +05 2024: apache2 is running
Sat May 18 23:03:15 +05 2024: apache2 is running
Sat May 18 23:04:15 +05 2024: apache2 is running
Sat May 18 23:05:15 +05 2024: apache2 is running
Sat May 18 23:06:15 +05 2024: apache2 is running
Sat May 18 23:07:15 +05 2024: apache2 is running
Sat May 18 23:08:15 +05 2024: apache2 is running
Sat May 18 23:09:15 +05 2024: apache2 is running
Sat May 18 23:10:15 +05 2024: apache2 is running
Sat May 18 23:11:15 +05 2024: apache2 is running
Sat May 18 23:12:15 +05 2024: apache2 is running
Sat May 18 23:13:15 +05 2024: apache2 is running
Sat May 18 23:14:15 +05 2024: apache2 is running
Sat May 18 23:15:15 +05 2024: apache2 is running
Sat May 18 23:16:15 +05 2024: apache2 is running
Sat May 18 23:17:15 +05 2024: apache2 is running
Sat May 18 23:18:15 +05 2024: apache2 is running
Sat May 18 23:19:15 +05 2024: apache2 is running
Sat May 18 23:20:15 +05 2024: apache2 is running
Sat May 18 23:21:15 +05 2024: apache2 is running
Sat May 18 23:22:15 +05 2024: apache2 is running
Sat May 18 23:23:15 +05 2024: apache2 is running
Sat May 18 23:24:15 +05 2024: apache2 is running
Sat May 18 23:25:15 +05 2024: apache2 is running
Sat May 18 23:26:15 +05 2024: apache2 is running
Sat May 18 23:27:15 +05 2024: apache2 is running
Sat May 18 23:28:15 +05 2024: apache2 is running
Sat May 18 23:29:15 +05 2024: apache2 is running
Sat May 18 23:30:15 +05 2024: apache2 is running
Sat May 18 23:31:15 +05 2024: apache2 is running
Sat May 18 23:32:15 +05 2024: apache2 is running
Sat May 18 23:33:15 +05 2024: apache2 is running
Sat May 18 23:34:15 +05 2024: apache2 is running
Sat May 18 23:35:15 +05 2024: apache2 is running
Sat May 18 23:36:15 +05 2024: apache2 is running
Sat May 18 23:37:15 +05 2024: apache2 is running
Sat May 18 23:38:15 +05 2024: apache2 is running
Sat May 18 23:39:15 +05 2024: apache2 is running
Sat May 18 23:40:15 +05 2024: apache2 is running
Sun May 19 00:07:56 +05 2024: apache2 is running
Sun May 19 00:08:56 +05 2024: apache2 is running
Sun May 19 00:09:56 +05 2024: apache2 is running
Sun May 19 00:10:56 +05 2024: apache2 is running
Sun May 19 00:11:56 +05 2024: apache2 is running
Sun May 19 00:12:56 +05 2024: apache2 is running
Sun May 19 00:13:56 +05 2024: apache2 is running
Sun May 19 00:14:56 +05 2024: apache2 is running
Sun May 19 00:15:56 +05 2024: apache2 is running
Sun May 19 00:16:57 +05 2024: apache2 is running
Sun May 19 00:17:57 +05 2024: apache2 is running
Sun May 19 00:18:57 +05 2024: apache2 is running
Sun May 19 00:19:57 +05 2024: apache2 is running
